<?xml version="1.0" encoding="UTF-8"?>
<!-- Generated by org.testng.reporters.JUnitXMLReporter -->
<testsuite ignored="3" hostname="DESKTOP-7S7LCUO" failures="0" tests="1" name="Default test" time="4.981" errors="0" timestamp="2024-07-06T11:29:27 IST">
  <testcase classname="parsingData.Parse" name="traverseRecord3" time="4.861"/>
  <testcase classname="parsingData.Parse" name="getRec" time="0.0">
    <ignored/>
  </testcase> <!-- getRec -->
  <testcase classname="parsingData.Parse" name="traverseRecord2" time="0.0">
    <ignored/>
  </testcase> <!-- traverseRecord2 -->
  <testcase classname="parsingData.Parse" name="traverseRecord" time="0.0">
    <ignored/>
  </testcase> <!-- traverseRecord -->
</testsuite> <!-- Default test -->
