<?xml version="1.0" encoding="UTF-8"?>
<!-- Generated by org.testng.reporters.JUnitXMLReporter -->
<testsuite ignored="3" hostname="DESKTOP-7S7LCUO" failures="0" tests="1" name="Default test" time="4.876" errors="0" timestamp="2024-07-07T11:47:44 IST">
  <testcase classname="auth.Authentications" name="Tokenauth" time="4.763"/>
  <testcase classname="auth.Authentications" name="premAuth" time="0.0">
    <ignored/>
  </testcase> <!-- premAuth -->
  <testcase classname="auth.Authentications" name="digestAuth" time="0.0">
    <ignored/>
  </testcase> <!-- digestAuth -->
  <testcase classname="auth.Authentications" name="basicAuth" time="0.0">
    <ignored/>
  </testcase> <!-- basicAuth -->
</testsuite> <!-- Default test -->
