<?xml version="1.0" encoding="UTF-8"?>
<!-- Generated by org.testng.reporters.JUnitXMLReporter -->
<testsuite ignored="0" hostname="DESKTOP-7S7LCUO" failures="0" tests="3" name="Test" time="8.116" errors="0" timestamp="2024-07-07T11:08:22 IST">
  <testcase classname="auth.Authentications" name="basicAuth" time="4.599"/>
  <testcase classname="auth.Authentications" name="digestAuth" time="2.684"/>
  <testcase classname="parameters.Params" name="understandParam" time="0.65"/>
</testsuite> <!-- Test -->
