<?xml version="1.0" encoding="UTF-8"?>
<!-- Generated by org.testng.reporters.JUnitXMLReporter -->
<testsuite ignored="0" hostname="DESKTOP-7S7LCUO" failures="0" tests="3" name="Test" time="7.603" errors="0" timestamp="2024-07-14T11:13:40 IST">
  <testcase classname="api.chaning.qa.CreateData" name="createData" time="6.163"/>
  <testcase classname="api.chaning.qa.ReadData" name="readData" time="0.349"/>
  <testcase classname="api.chaning.qa.Update" name="readData" time="0.327"/>
</testsuite> <!-- Test -->
