<?xml version="1.0" encoding="UTF-8"?>
<testng-results ignored="0" total="3" passed="3" failed="0" skipped="0">
  <reporter-output>
  </reporter-output>
  <suite started-at="2024-07-14T11:13:32 IST" name="Suite" finished-at="2024-07-14T11:13:40 IST" duration-ms="7603">
    <groups>
    </groups>
    <test started-at="2024-07-14T11:13:32 IST" name="Test" finished-at="2024-07-14T11:13:40 IST" duration-ms="7603">
      <class name="api.chaning.qa.ReadData">
        <test-method signature="readData(org.testng.ITestContext)[pri:0, instance:api.chaning.qa.ReadData@3270d194]" started-at="2024-07-14T11:13:39 IST" name="readData" finished-at="2024-07-14T11:13:40 IST" duration-ms="349" status="PASS">
          <params>
            <param index="0">
              <value>
                <![CDATA[org.testng.TestRunner@8383a14]]>
              </value>
            </param>
          </params>
          <reporter-output>
          </reporter-output>
        </test-method> <!-- readData -->
      </class> <!-- api.chaning.qa.ReadData -->
      <class name="api.chaning.qa.Update">
        <test-method is-config="true" signature="generateData()[pri:0, instance:api.chaning.qa.Update@235834f2]" started-at="2024-07-14T11:13:33 IST" name="generateData" finished-at="2024-07-14T11:13:33 IST" duration-ms="114" status="PASS">
          <reporter-output>
          </reporter-output>
        </test-method> <!-- generateData -->
        <test-method signature="readData(org.testng.ITestContext)[pri:0, instance:api.chaning.qa.Update@235834f2]" started-at="2024-07-14T11:13:40 IST" name="readData" finished-at="2024-07-14T11:13:40 IST" duration-ms="327" status="PASS">
          <params>
            <param index="0">
              <value>
                <![CDATA[org.testng.TestRunner@8383a14]]>
              </value>
            </param>
          </params>
          <reporter-output>
          </reporter-output>
        </test-method> <!-- readData -->
      </class> <!-- api.chaning.qa.Update -->
      <class name="api.chaning.qa.CreateData">
        <test-method is-config="true" signature="generateData()[pri:0, instance:api.chaning.qa.CreateData@4c583ecf]" started-at="2024-07-14T11:13:32 IST" name="generateData" finished-at="2024-07-14T11:13:33 IST" duration-ms="522" status="PASS">
          <reporter-output>
          </reporter-output>
        </test-method> <!-- generateData -->
        <test-method signature="createData(org.testng.ITestContext)[pri:0, instance:api.chaning.qa.CreateData@4c583ecf]" started-at="2024-07-14T11:13:33 IST" name="createData" finished-at="2024-07-14T11:13:39 IST" duration-ms="6163" status="PASS">
          <params>
            <param index="0">
              <value>
                <![CDATA[org.testng.TestRunner@8383a14]]>
              </value>
            </param>
          </params>
          <reporter-output>
          </reporter-output>
        </test-method> <!-- createData -->
      </class> <!-- api.chaning.qa.CreateData -->
    </test> <!-- Test -->
  </suite> <!-- Suite -->
</testng-results>
