<?xml version="1.0" encoding="UTF-8"?>
<testng-results ignored="0" total="1" passed="1" failed="0" skipped="0">
  <reporter-output>
  </reporter-output>
  <suite started-at="2024-07-07T11:47:39 IST" name="Default suite" finished-at="2024-07-07T11:47:44 IST" duration-ms="4876">
    <groups>
    </groups>
    <test started-at="2024-07-07T11:47:39 IST" name="Default test" finished-at="2024-07-07T11:47:44 IST" duration-ms="4876">
      <class name="auth.Authentications">
        <test-method is-config="true" signature="getData()[pri:0, instance:auth.Authentications@1aafa419]" started-at="2024-07-07T11:47:39 IST" name="getData" finished-at="2024-07-07T11:47:39 IST" duration-ms="16" status="PASS">
          <reporter-output>
          </reporter-output>
        </test-method> <!-- getData -->
        <test-method signature="Tokenauth()[pri:0, instance:auth.Authentications@1aafa419]" started-at="2024-07-07T11:47:39 IST" name="Tokenauth" finished-at="2024-07-07T11:47:44 IST" duration-ms="4763" status="PASS">
          <reporter-output>
          </reporter-output>
        </test-method> <!-- Tokenauth -->
      </class> <!-- auth.Authentications -->
    </test> <!-- Default test -->
  </suite> <!-- Default suite -->
</testng-results>
